Gramática

    0 $accept: S $end

    1 S: L

    2 L: TOKEN_INT TOKEN_COMA L
    3  | TOKEN_INT


Terminales con las reglas donde aparecen

$end (0) 0
error (256)
TOKEN_INT (258) 2 3
TOKEN_COMA (259) 2


No terminales con las reglas donde aparecen

$accept (5)
    en la izquierda: 0
S (6)
    en la izquierda: 1, en la derecha: 0
L (7)
    en la izquierda: 2 3, en la derecha: 1 2


estado 0

    0 $accept: . S $end

    TOKEN_INT  desplazar e ir al estado 1

    S  ir al estado 2
    L  ir al estado 3


estado 1

    2 L: TOKEN_INT . TOKEN_COMA L
    3  | TOKEN_INT .

    TOKEN_COMA  desplazar e ir al estado 4

    $default  reduce usando la regla 3 (L)


estado 2

    0 $accept: S . $end

    $end  desplazar e ir al estado 5


estado 3

    1 S: L .

    $default  reduce usando la regla 1 (S)


estado 4

    2 L: TOKEN_INT TOKEN_COMA . L

    TOKEN_INT  desplazar e ir al estado 1

    L  ir al estado 6


estado 5

    0 $accept: S $end .

    $default  aceptar


estado 6

    2 L: TOKEN_INT TOKEN_COMA L .

    $default  reduce usando la regla 2 (L)
